title=Recognition of human actions using CNN-GWO: a novel modeling of CNN for enhancement of classification performance
discipline=计算机科学与技术
translated=基于CNN-GWO的人类行为识别：一种用于增强分类性能的CNN模型
---
title=Git讲义
discipline=计算机科学与技术
translated=None
---
title=Recognition of human actions using CNN-GWO: a novel modeling of CNN for enhancement of classification performance
discipline=计算机科学与技术
translated=基于CNN-GWO的人类行为识别：一种用于增强分类性能的CNN模型
---
title=基于机器学习融合电化学指纹的传感器校准方法
discipline=计算机科学与技术
translated=None
---
title=PII: 0043-1648(91)90119-F
discipline=计算机科学与技术
translated=PII:0043-1648（91）90119-F
---
title=PII: 0043-1648(91)90119-F
discipline=计算机科学与技术
translated=PII:0043-1648（91）90119-F
---
title=PII: 0043-1648(91)90119-F
discipline=计算机科学与技术
translated=PII:0043-1648（91）90119-F
---
title=bc37630d-7ce9-4ef6-bd9f-378b71163bbf
discipline=计算机科学与技术
translated=bc37630d-7ce9-4ef6-bd9f-378b71163bbf
---
title=DETERMINANTS OF FOREIGN DIRECT INVESTMENT IN ORGANIZATION OF ISLAMIC COOPERATION COUNTRIES IN ASEAN: EMPIRICAL EVIDENCE OF VECTOR ERROR CORRECTION MODEL&lt;b&gt;&lt;i&gt;&lt;/i&gt;&lt;/b&gt;
discipline=计算机科学与技术
translated=东盟伊斯兰合作国家组织中外国直接投资的决定因素：向量误差修正模型的经验证据；b&gt；&“lt；”；我&gt；&“lt；”；/我&gt；&“lt；”；/b&gt；
---
title=荔枝劣变的多模态传感感知与智能识别
discipline=计算机科学与技术
translated=None
---
title=荔枝劣变的多模态传感感知与智能识别
discipline=计算机科学与技术
translated=None
---
title=Recognition of human actions using CNN-GWO: a novel modeling of CNN for enhancement of classification performance
discipline=计算机科学与技术
translated=基于CNN-GWO的人类行为识别：一种用于增强分类性能的CNN模型
---
title=Recognition of human actions using CNN-GWO: a novel modeling of CNN for enhancement of classification performance
discipline=计算机科学与技术
translated=基于CNN-GWO的人类行为识别：一种用于增强分类性能的CNN模型
---
title=bc37630d-7ce9-4ef6-bd9f-378b71163bbf
discipline=计算机科学与技术
translated=bc37630d-7ce9-4ef6-bd9f-378b71163bbf
---
